<?xml version="1.0" encoding="UTF-8"?>
<testsuite xmlns:xsi="http://www.w3.org/2001/XMLSchema-instance" xsi:noNamespaceSchemaLocation="https://maven.apache.org/surefire/maven-surefire-plugin/xsd/surefire-test-report-3.0.xsd" version="3.0" name="com.example.roadradar.RoadRadarApplicationTests" time="8.261" tests="1" errors="0" skipped="0" failures="0">
  <properties>
[...]
</properties>
  <testcase name="contextLoads" classname="com.example.roadradar.RoadRadarApplicationTests" time="2.439">
    <system-out><![CDATA[21:59:45.001 [main] INFO org.springframework.test.context.support.AnnotationConfigContextLoaderUtils -- Could not detect default configuration classes for test class [com.example.roadradar.RoadRadarApplicationTests]: RoadRadarApplicationTests does not declare any static, non-private, non-final, nested classes annotated with @Configuration.
21:59:45.244 [main] INFO org.springframework.boot.test.context.SpringBootTestContextBootstrapper -- Found @SpringBootConfiguration com.example.roadradar.RoadRadarApplication for test class com.example.roadradar.RoadRadarApplicationTests

  .   ____          _            __ _ _
 /\\ / ___'_ __ _ _(_)_ __  __ _ \ \ \ \
( ( )\___ | '_ | '_| | '_ \/ _` | \ \ \ \
 \\/  ___)| |_)| | | | | || (_| |  ) ) ) )
  '  |____| .__|_| |_|_| |_\__, | / / / /
 =========|_|==============|___/=/_/_/_/
 :: Spring Boot ::                (v3.1.0)

2023-05-22T21:59:46.307+01:00  INFO 7928 --- [           main] c.e.roadradar.RoadRadarApplicationTests  : Starting RoadRadarApplicationTests using Java 17.0.6 with PID 7928 (started by LENOVO in C:\Users\LENOVO\IdeaProjects\road-radar)
2023-05-22T21:59:46.311+01:00  INFO 7928 --- [           main] c.e.roadradar.RoadRadarApplicationTests  : No active profile set, falling back to 1 default profile: "default"
2023-05-22T21:59:50.329+01:00  INFO 7928 --- [           main] c.e.roadradar.RoadRadarApplicationTests  : Started RoadRadarApplicationTests in 4.703 seconds (process running for 7.264)
2023-05-22T21:59:50.495+01:00 ERROR 7928 --- [   scheduling-1] o.s.s.s.TaskUtils$LoggingErrorHandler    : Unexpected error occurred in scheduled task

org.springframework.web.client.HttpClientErrorException$NotFound: 404 : "{"timestamp":"2023-05-22T20:59:50.457+00:00","status":404,"error":"Not Found","path":"/RADAR-SERVICE/api/radar/radars"}"
	at org.springframework.web.client.HttpClientErrorException.create(HttpClientErrorException.java:112) ~[spring-web-6.0.9.jar:6.0.9]
	at org.springframework.web.client.DefaultResponseErrorHandler.handleError(DefaultResponseErrorHandler.java:183) ~[spring-web-6.0.9.jar:6.0.9]
	at org.springframework.web.client.DefaultResponseErrorHandler.handleError(DefaultResponseErrorHandler.java:137) ~[spring-web-6.0.9.jar:6.0.9]
	at org.springframework.web.client.ResponseErrorHandler.handleError(ResponseErrorHandler.java:63) ~[spring-web-6.0.9.jar:6.0.9]
	at org.springframework.web.client.RestTemplate.handleResponse(RestTemplate.java:915) ~[spring-web-6.0.9.jar:6.0.9]
	at org.springframework.web.client.RestTemplate.doExecute(RestTemplate.java:864) ~[spring-web-6.0.9.jar:6.0.9]
	at org.springframework.web.client.RestTemplate.execute(RestTemplate.java:764) ~[spring-web-6.0.9.jar:6.0.9]
	at org.springframework.web.client.RestTemplate.exchange(RestTemplate.java:646) ~[spring-web-6.0.9.jar:6.0.9]
	at com.example.roadradar.RadarDetectionService.loadRadars(RadarDetectionService.java:33) ~[classes/:na]
	at com.example.roadradar.RadarDetectionService.submitOverSpeedDetection(RadarDetectionService.java:41) ~[classes/:na]
	at java.base/jdk.internal.reflect.NativeMethodAccessorImpl.invoke0(Native Method) ~[na:na]
	at java.base/jdk.internal.reflect.NativeMethodAccessorImpl.invoke(NativeMethodAccessorImpl.java:77) ~[na:na]
	at java.base/jdk.internal.reflect.DelegatingMethodAccessorImpl.invoke(DelegatingMethodAccessorImpl.java:43) ~[na:na]
	at java.base/java.lang.reflect.Method.invoke(Method.java:568) ~[na:na]
	at org.springframework.scheduling.support.ScheduledMethodRunnable.run(ScheduledMethodRunnable.java:84) ~[spring-context-6.0.9.jar:6.0.9]
	at org.springframework.scheduling.support.DelegatingErrorHandlingRunnable.run(DelegatingErrorHandlingRunnable.java:54) ~[spring-context-6.0.9.jar:6.0.9]
	at java.base/java.util.concurrent.Executors$RunnableAdapter.call(Executors.java:539) ~[na:na]
	at java.base/java.util.concurrent.FutureTask.runAndReset(FutureTask.java:305) ~[na:na]
	at java.base/java.util.concurrent.ScheduledThreadPoolExecutor$ScheduledFutureTask.run(ScheduledThreadPoolExecutor.java:305) ~[na:na]
	at java.base/java.util.concurrent.ThreadPoolExecutor.runWorker(ThreadPoolExecutor.java:1136) ~[na:na]
	at java.base/java.util.concurrent.ThreadPoolExecutor$Worker.run(ThreadPoolExecutor.java:635) ~[na:na]
	at java.base/java.lang.Thread.run(Thread.java:833) ~[na:na]

]]></system-out>
  </testcase>
</testsuite>